<?xml version="1.0" encoding="UTF-8"?>
<!-- Generated by org.testng.reporters.JUnitReportReporter -->
<testsuite skipped="0" hostname="LAPTOP-2UATULQH" name="testNG.L01A_MultipleTest" tests="2" failures="0" timestamp="24 Oct 2019 20:36:10 GMT" time="52.332" errors="1">
  <testcase name="dropdownBox" time="12.843" classname="testNG.L01A_MultipleTest">
    <error type="org.openqa.selenium.SessionNotCreatedException" message="session not created: This version of ChromeDriver only supports Chrome version 75
Build info: version: &#039;3.141.59&#039;, revision: &#039;e82be7d358&#039;, time: &#039;2018-11-14T08:25:53&#039;
System info: host: &#039;LAPTOP-2UATULQH&#039;, ip: &#039;192.168.0.10&#039;, os.name: &#039;Windows 10&#039;, os.arch: &#039;amd64&#039;, os.version: &#039;10.0&#039;, java.version: &#039;1.8.0_211&#039;
Driver info: driver.version: ChromeDriver
remote stacktrace: Backtrace:
	Ordinal0 [0x00521B23+1448739]
	Ordinal0 [0x004A5A11+940561]
	Ordinal0 [0x00432293+467603]
	Ordinal0 [0x003CF27E+62078]
	Ordinal0 [0x003CBBBD+48061]
	Ordinal0 [0x003E8D19+167193]
	Ordinal0 [0x003E88ED+166125]
	Ordinal0 [0x003E6FFB+159739]
	Ordinal0 [0x003D09F6+68086]
	Ordinal0 [0x003D1990+72080]
	Ordinal0 [0x003D1929+71977]
	GetHandleVerifier [0x00662E4C+1172140]
	GetHandleVerifier [0x005BFE35+504469]
	GetHandleVerifier [0x005BFBD0+503856]
	Ordinal0 [0x0052C9A8+1493416]
	GetHandleVerifier [0x005C060A+506474]
	Ordinal0 [0x004B7136+1012022]
	Ordinal0 [0x004B6FAF+1011631]
	Ordinal0 [0x004C133B+1053499]
	Ordinal0 [0x004C14A3+1053859]
	Ordinal0 [0x004C04D5+1049813]
	BaseThreadInitThunk [0x76248494+36]
	RtlAreBitsSet [0x770E41C8+136]
	RtlAreBitsSet [0x770E4198+88]
">
      <![CDATA[org.openqa.selenium.SessionNotCreatedException: session not created: This version of ChromeDriver only supports Chrome version 75
Build info: version: '3.141.59', revision: 'e82be7d358', time: '2018-11-14T08:25:53'
System info: host: 'LAPTOP-2UATULQH', ip: '192.168.0.10', os.name: 'Windows 10', os.arch: 'amd64', os.version: '10.0', java.version: '1.8.0_211'
Driver info: driver.version: ChromeDriver
remote stacktrace: Backtrace:
Ordinal0 [0x00521B23+1448739]
Ordinal0 [0x004A5A11+940561]
Ordinal0 [0x00432293+467603]
Ordinal0 [0x003CF27E+62078]
Ordinal0 [0x003CBBBD+48061]
Ordinal0 [0x003E8D19+167193]
Ordinal0 [0x003E88ED+166125]
Ordinal0 [0x003E6FFB+159739]
Ordinal0 [0x003D09F6+68086]
Ordinal0 [0x003D1990+72080]
Ordinal0 [0x003D1929+71977]
GetHandleVerifier [0x00662E4C+1172140]
GetHandleVerifier [0x005BFE35+504469]
GetHandleVerifier [0x005BFBD0+503856]
Ordinal0 [0x0052C9A8+1493416]
GetHandleVerifier [0x005C060A+506474]
Ordinal0 [0x004B7136+1012022]
Ordinal0 [0x004B6FAF+1011631]
Ordinal0 [0x004C133B+1053499]
Ordinal0 [0x004C14A3+1053859]
Ordinal0 [0x004C04D5+1049813]
BaseThreadInitThunk [0x76248494+36]
RtlAreBitsSet [0x770E41C8+136]
RtlAreBitsSet [0x770E4198+88]

at sun.reflect.NativeConstructorAccessorImpl.newInstance0(Native Method)
at sun.reflect.NativeConstructorAccessorImpl.newInstance(Unknown Source)
at sun.reflect.DelegatingConstructorAccessorImpl.newInstance(Unknown Source)
at java.lang.reflect.Constructor.newInstance(Unknown Source)
at org.openqa.selenium.remote.W3CHandshakeResponse.lambda$errorHandler$0(W3CHandshakeResponse.java:62)
at org.openqa.selenium.remote.HandshakeResponse.lambda$getResponseFunction$0(HandshakeResponse.java:30)
at org.openqa.selenium.remote.ProtocolHandshake.lambda$createSession$0(ProtocolHandshake.java:126)
at java.util.stream.ReferencePipeline$3$1.accept(Unknown Source)
at java.util.Spliterators$ArraySpliterator.tryAdvance(Unknown Source)
at java.util.stream.ReferencePipeline.forEachWithCancel(Unknown Source)
at java.util.stream.AbstractPipeline.copyIntoWithCancel(Unknown Source)
at java.util.stream.AbstractPipeline.copyInto(Unknown Source)
at java.util.stream.AbstractPipeline.wrapAndCopyInto(Unknown Source)
at java.util.stream.FindOps$FindOp.evaluateSequential(Unknown Source)
at java.util.stream.AbstractPipeline.evaluate(Unknown Source)
at java.util.stream.ReferencePipeline.findFirst(Unknown Source)
at org.openqa.selenium.remote.ProtocolHandshake.createSession(ProtocolHandshake.java:128)
at org.openqa.selenium.remote.ProtocolHandshake.createSession(ProtocolHandshake.java:74)
at org.openqa.selenium.remote.HttpCommandExecutor.execute(HttpCommandExecutor.java:136)
at org.openqa.selenium.remote.service.DriverCommandExecutor.execute(DriverCommandExecutor.java:83)
at org.openqa.selenium.remote.RemoteWebDriver.execute(RemoteWebDriver.java:552)
at org.openqa.selenium.remote.RemoteWebDriver.startSession(RemoteWebDriver.java:213)
at org.openqa.selenium.remote.RemoteWebDriver.<init>(RemoteWebDriver.java:131)
at org.openqa.selenium.chrome.ChromeDriver.<init>(ChromeDriver.java:181)
at org.openqa.selenium.chrome.ChromeDriver.<init>(ChromeDriver.java:168)
at org.openqa.selenium.chrome.ChromeDriver.<init>(ChromeDriver.java:123)
at testNG.L01A_MultipleTest.dropdownBox(L01A_MultipleTest.java:54)
at sun.reflect.NativeMethodAccessorImpl.invoke0(Native Method)
at sun.reflect.NativeMethodAccessorImpl.invoke(Unknown Source)
at sun.reflect.DelegatingMethodAccessorImpl.invoke(Unknown Source)
at java.lang.reflect.Method.invoke(Unknown Source)
at org.testng.internal.MethodInvocationHelper.invokeMethod(MethodInvocationHelper.java:124)
at org.testng.internal.Invoker.invokeMethod(Invoker.java:583)
at org.testng.internal.Invoker.invokeTestMethod(Invoker.java:719)
at org.testng.internal.Invoker.invokeTestMethods(Invoker.java:989)
at org.testng.internal.TestMethodWorker.invokeTestMethods(TestMethodWorker.java:125)
at org.testng.internal.TestMethodWorker.run(TestMethodWorker.java:109)
at org.testng.TestRunner.privateRun(TestRunner.java:648)
at org.testng.TestRunner.run(TestRunner.java:505)
at org.testng.SuiteRunner.runTest(SuiteRunner.java:455)
at org.testng.SuiteRunner.runSequentially(SuiteRunner.java:450)
at org.testng.SuiteRunner.privateRun(SuiteRunner.java:415)
at org.testng.SuiteRunner.run(SuiteRunner.java:364)
at org.testng.SuiteRunnerWorker.runSuite(SuiteRunnerWorker.java:52)
at org.testng.SuiteRunnerWorker.run(SuiteRunnerWorker.java:84)
at org.testng.TestNG.runSuitesSequentially(TestNG.java:1208)
at org.testng.TestNG.runSuitesLocally(TestNG.java:1137)
at org.testng.TestNG.runSuites(TestNG.java:1049)
at org.testng.TestNG.run(TestNG.java:1017)
at org.testng.remote.AbstractRemoteTestNG.run(AbstractRemoteTestNG.java:115)
at org.testng.remote.RemoteTestNG.initAndRun(RemoteTestNG.java:251)
at org.testng.remote.RemoteTestNG.main(RemoteTestNG.java:77)
]]>
    </error>
  </testcase> <!-- dropdownBox -->
  <testcase name="loginTest" time="39.489" classname="testNG.L01A_MultipleTest"/>
</testsuite> <!-- testNG.L01A_MultipleTest -->
